2024-09-25 00:05:35,976 WARN com.zaxxer.hikari.pool.HikariPool$HouseKeeper [HikariPool-1 housekeeper] HikariPool-1 - Thread starvation or clock leap detected (housekeeper delta=6h21m47s652ms293µs400ns).
2024-09-25 00:06:11,220 INFO com.netflix.discovery.shared.resolver.aws.ConfigClusterResolver [AsyncResolver-bootstrap-executor-0] Resolving eureka endpoints via configuration
2024-09-25 00:11:11,231 INFO com.netflix.discovery.shared.resolver.aws.ConfigClusterResolver [AsyncResolver-bootstrap-executor-0] Resolving eureka endpoints via configuration
2024-09-25 02:17:36,079 WARN com.zaxxer.hikari.pool.HikariPool$HouseKeeper [HikariPool-1 housekeeper] HikariPool-1 - Thread starvation or clock leap detected (housekeeper delta=2h1m59s957ms619µs500ns).
2024-09-25 02:17:41,188 INFO com.netflix.discovery.shared.resolver.aws.ConfigClusterResolver [AsyncResolver-bootstrap-executor-0] Resolving eureka endpoints via configuration
2024-09-25 02:26:57,421 WARN com.zaxxer.hikari.pool.HikariPool$HouseKeeper [HikariPool-1 housekeeper] HikariPool-1 - Thread starvation or clock leap detected (housekeeper delta=6m51s264ms996µs699ns).
2024-09-25 02:29:02,453 INFO com.netflix.discovery.shared.resolver.aws.ConfigClusterResolver [AsyncResolver-bootstrap-executor-0] Resolving eureka endpoints via configuration
2024-09-25 02:53:31,942 WARN com.zaxxer.hikari.pool.HikariPool$HouseKeeper [HikariPool-1 housekeeper] HikariPool-1 - Thread starvation or clock leap detected (housekeeper delta=23m34s487ms283µs599ns).
2024-09-25 02:57:06,935 INFO com.netflix.discovery.shared.resolver.aws.ConfigClusterResolver [AsyncResolver-bootstrap-executor-0] Resolving eureka endpoints via configuration
2024-09-25 03:02:06,973 INFO com.netflix.discovery.shared.resolver.aws.ConfigClusterResolver [AsyncResolver-bootstrap-executor-0] Resolving eureka endpoints via configuration
2024-09-25 03:07:07,002 INFO com.netflix.discovery.shared.resolver.aws.ConfigClusterResolver [AsyncResolver-bootstrap-executor-0] Resolving eureka endpoints via configuration
2024-09-25 03:12:07,015 INFO com.netflix.discovery.shared.resolver.aws.ConfigClusterResolver [AsyncResolver-bootstrap-executor-0] Resolving eureka endpoints via configuration
2024-09-25 03:37:35,499 WARN com.zaxxer.hikari.pool.HikariPool$HouseKeeper [HikariPool-1 housekeeper] HikariPool-1 - Thread starvation or clock leap detected (housekeeper delta=23m3s158ms467µs599ns).
2024-09-25 12:24:41,095 WARN com.zaxxer.hikari.pool.HikariPool$HouseKeeper [HikariPool-1 housekeeper] HikariPool-1 - Thread starvation or clock leap detected (housekeeper delta=8h46m8s949ms377µs).
2024-09-25 12:25:15,751 INFO com.netflix.discovery.shared.resolver.aws.ConfigClusterResolver [AsyncResolver-bootstrap-executor-0] Resolving eureka endpoints via configuration
2024-09-25 12:38:44,080 WARN com.zaxxer.hikari.pool.HikariPool$HouseKeeper [HikariPool-1 housekeeper] HikariPool-1 - Thread starvation or clock leap detected (housekeeper delta=11m32s925ms935µs700ns).
2024-09-25 12:41:18,687 INFO com.netflix.discovery.shared.resolver.aws.ConfigClusterResolver [AsyncResolver-bootstrap-executor-0] Resolving eureka endpoints via configuration
2024-09-25 12:46:18,698 INFO com.netflix.discovery.shared.resolver.aws.ConfigClusterResolver [AsyncResolver-bootstrap-executor-0] Resolving eureka endpoints via configuration
2024-09-25 12:51:19,034 INFO com.netflix.discovery.shared.resolver.aws.ConfigClusterResolver [AsyncResolver-bootstrap-executor-0] Resolving eureka endpoints via configuration
2024-09-25 12:56:19,102 INFO com.netflix.discovery.shared.resolver.aws.ConfigClusterResolver [AsyncResolver-bootstrap-executor-0] Resolving eureka endpoints via configuration
2024-09-25 13:01:19,116 INFO com.netflix.discovery.shared.resolver.aws.ConfigClusterResolver [AsyncResolver-bootstrap-executor-0] Resolving eureka endpoints via configuration
2024-09-25 13:11:36,391 WARN com.zaxxer.hikari.pool.HikariPool$HouseKeeper [HikariPool-1 housekeeper] HikariPool-1 - Thread starvation or clock leap detected (housekeeper delta=6m21s493ms82µs500ns).
2024-09-25 13:12:10,624 INFO com.netflix.discovery.shared.resolver.aws.ConfigClusterResolver [AsyncResolver-bootstrap-executor-0] Resolving eureka endpoints via configuration
2024-09-25 13:13:17,531 INFO com.netflix.discovery.DiscoveryClient [DiscoveryClient-HeartbeatExecutor-0] DiscoveryClient_AUTH-SERVER/auth-server:2bd9df92e906df2bc7e2abc031a22490 - Re-registering apps/AUTH-SERVER
2024-09-25 13:13:17,534 INFO com.netflix.discovery.DiscoveryClient [DiscoveryClient-HeartbeatExecutor-0] DiscoveryClient_AUTH-SERVER/auth-server:2bd9df92e906df2bc7e2abc031a22490: registering service...
2024-09-25 13:13:17,685 INFO com.netflix.discovery.DiscoveryClient [DiscoveryClient-HeartbeatExecutor-0] DiscoveryClient_AUTH-SERVER/auth-server:2bd9df92e906df2bc7e2abc031a22490 - registration status: 204
2024-09-25 13:13:45,734 INFO org.springframework.cloud.netflix.eureka.serviceregistry.EurekaServiceRegistry [SpringApplicationShutdownHook] Unregistering application AUTH-SERVER with eureka with status DOWN
2024-09-25 13:13:45,736 INFO com.netflix.discovery.DiscoveryClient$3 [SpringApplicationShutdownHook] Saw local status change event StatusChangeEvent [timestamp=1727252025736, current=DOWN, previous=UP]
2024-09-25 13:13:45,740 INFO com.netflix.discovery.DiscoveryClient [DiscoveryClient-InstanceInfoReplicator-0] DiscoveryClient_AUTH-SERVER/auth-server:2bd9df92e906df2bc7e2abc031a22490: registering service...
2024-09-25 13:13:45,758 INFO com.netflix.discovery.DiscoveryClient [DiscoveryClient-InstanceInfoReplicator-0] DiscoveryClient_AUTH-SERVER/auth-server:2bd9df92e906df2bc7e2abc031a22490 - registration status: 204
2024-09-25 13:13:45,956 INFO org.springframework.orm.jpa.AbstractEntityManagerFactoryBean [SpringApplicationShutdownHook] Closing JPA EntityManagerFactory for persistence unit 'default'
2024-09-25 13:13:46,035 INFO com.zaxxer.hikari.HikariDataSource [SpringApplicationShutdownHook] HikariPool-1 - Shutdown initiated...
2024-09-25 13:13:46,061 INFO com.zaxxer.hikari.HikariDataSource [SpringApplicationShutdownHook] HikariPool-1 - Shutdown completed.
2024-09-25 13:13:46,062 INFO com.netflix.discovery.DiscoveryClient [SpringApplicationShutdownHook] Shutting down DiscoveryClient ...
2024-09-25 13:13:47,449 INFO com.netflix.discovery.DiscoveryClient [DiscoveryClient-CacheRefreshExecutor-0] Disable delta property : false
2024-09-25 13:13:47,450 INFO com.netflix.discovery.DiscoveryClient [DiscoveryClient-CacheRefreshExecutor-0] Single vip registry refresh property : null
2024-09-25 13:13:47,450 INFO com.netflix.discovery.DiscoveryClient [DiscoveryClient-CacheRefreshExecutor-0] Force full registry fetch : false
2024-09-25 13:13:47,452 INFO com.netflix.discovery.DiscoveryClient [DiscoveryClient-CacheRefreshExecutor-0] Application is null : false
2024-09-25 13:13:47,453 INFO com.netflix.discovery.DiscoveryClient [DiscoveryClient-CacheRefreshExecutor-0] Registered Applications size is zero : true
2024-09-25 13:13:47,453 INFO com.netflix.discovery.DiscoveryClient [DiscoveryClient-CacheRefreshExecutor-0] Application version is -1: false
2024-09-25 13:13:47,453 INFO com.netflix.discovery.DiscoveryClient [DiscoveryClient-CacheRefreshExecutor-0] Getting all instance registry info from the eureka server
2024-09-25 13:13:47,476 INFO com.netflix.discovery.DiscoveryClient [DiscoveryClient-CacheRefreshExecutor-0] The response status is 200
2024-09-25 13:13:49,074 WARN com.netflix.discovery.TimedSupervisorTask [DiscoveryClient-1] task supervisor shutting down, can't accept the task
2024-09-25 13:13:49,075 INFO com.netflix.discovery.DiscoveryClient [SpringApplicationShutdownHook] Unregistering ...
2024-09-25 13:13:49,087 INFO com.netflix.discovery.DiscoveryClient [SpringApplicationShutdownHook] DiscoveryClient_AUTH-SERVER/auth-server:2bd9df92e906df2bc7e2abc031a22490 - deregister  status: 200
2024-09-25 13:13:49,096 INFO com.netflix.discovery.DiscoveryClient [SpringApplicationShutdownHook] Completed shut down of DiscoveryClient
2024-09-25 13:13:54,448 INFO org.hibernate.validator.internal.util.Version [background-preinit] HV000001: Hibernate Validator 8.0.0.Final
2024-09-25 13:13:54,474 INFO org.springframework.boot.StartupInfoLogger [main] Starting AuthServerApplication using Java 17.0.9 with PID 27876 (D:\Personal-Proj\online-education\auth-server\target\classes started by Ali.Ahmed in D:\Personal-Proj\online-education)
2024-09-25 13:13:54,476 INFO org.springframework.boot.SpringApplication [main] The following 1 profile is active: "development"
2024-09-25 13:13:54,523 INFO org.springframework.boot.logging.DeferredLog [main] Fetching config from server at : http://localhost:3333
2024-09-25 13:13:54,524 INFO org.springframework.boot.logging.DeferredLog [main] Located environment: name=auth-server, profiles=[default], label=null, version=8d4b960ce966be597fd3cbe773491a20f7ff80e7, state=null
2024-09-25 13:13:54,524 INFO org.springframework.boot.logging.DeferredLog [main] Fetching config from server at : http://localhost:3333
2024-09-25 13:13:54,525 INFO org.springframework.boot.logging.DeferredLog [main] Located environment: name=auth-server, profiles=[development], label=null, version=8d4b960ce966be597fd3cbe773491a20f7ff80e7, state=null
2024-09-25 13:13:54,526 INFO org.springframework.boot.logging.DeferredLog [main] Fetching config from server at : http://localhost:3333
2024-09-25 13:13:54,526 INFO org.springframework.boot.logging.DeferredLog [main] Located environment: name=auth-server, profiles=[default], label=null, version=8d4b960ce966be597fd3cbe773491a20f7ff80e7, state=null
2024-09-25 13:13:55,274 INFO org.springframework.data.repository.config.RepositoryConfigurationDelegate [main] Bootstrapping Spring Data JPA repositories in DEFAULT mode.
2024-09-25 13:13:55,382 INFO org.springframework.data.repository.config.RepositoryConfigurationDelegate [main] Finished Spring Data repository scanning in 94 ms. Found 2 JPA repository interfaces.
2024-09-25 13:13:55,739 INFO org.springframework.cloud.context.scope.GenericScope [main] BeanFactory id=432d3cd0-d444-327d-9b9f-0f8146f96fbb
2024-09-25 13:13:56,162 INFO org.springframework.boot.web.embedded.tomcat.TomcatWebServer [main] Tomcat initialized with port(s): 0 (http)
2024-09-25 13:13:56,171 INFO org.apache.juli.logging.DirectJDKLog [main] Initializing ProtocolHandler ["http-nio-auto-1"]
2024-09-25 13:13:56,173 INFO org.apache.juli.logging.DirectJDKLog [main] Starting service [Tomcat]
2024-09-25 13:13:56,175 INFO org.apache.juli.logging.DirectJDKLog [main] Starting Servlet engine: [Apache Tomcat/10.1.12]
2024-09-25 13:13:56,269 INFO org.apache.juli.logging.DirectJDKLog [main] Initializing Spring embedded WebApplicationContext
2024-09-25 13:13:56,270 INFO org.springframework.boot.web.servlet.context.ServletWebServerApplicationContext [main] Root WebApplicationContext: initialization completed in 1742 ms
2024-09-25 13:13:56,456 INFO org.hibernate.jpa.internal.util.LogHelper [main] HHH000204: Processing PersistenceUnitInfo [name: default]
2024-09-25 13:13:56,572 INFO org.hibernate.Version [main] HHH000412: Hibernate ORM core version 6.1.7.Final
2024-09-25 13:13:56,969 INFO com.zaxxer.hikari.HikariDataSource [main] HikariPool-1 - Starting...
2024-09-25 13:13:57,232 INFO com.zaxxer.hikari.pool.HikariPool [main] HikariPool-1 - Added connection com.mysql.cj.jdbc.ConnectionImpl@4a47bc9c
2024-09-25 13:13:57,235 INFO com.zaxxer.hikari.HikariDataSource [main] HikariPool-1 - Start completed.
2024-09-25 13:13:57,281 INFO org.hibernate.engine.jdbc.dialect.internal.DialectFactoryImpl [main] HHH000400: Using dialect: org.hibernate.dialect.MySQLDialect
2024-09-25 13:13:58,175 INFO org.hibernate.engine.transaction.jta.platform.internal.JtaPlatformInitiator [main] HHH000490: Using JtaPlatform implementation: [org.hibernate.engine.transaction.jta.platform.internal.NoJtaPlatform]
2024-09-25 13:13:58,187 INFO org.springframework.orm.jpa.AbstractEntityManagerFactoryBean [main] Initialized JPA EntityManagerFactory for persistence unit 'default'
2024-09-25 13:13:58,871 WARN org.springframework.boot.autoconfigure.orm.jpa.JpaBaseConfiguration$JpaWebConfiguration [main] spring.jpa.open-in-view is enabled by default. Therefore, database queries may be performed during view rendering. Explicitly configure spring.jpa.open-in-view to disable this warning
2024-09-25 13:14:00,362 INFO org.springframework.security.web.DefaultSecurityFilterChain [main] Will secure any request with [org.springframework.security.web.session.DisableEncodeUrlFilter@1d0b4b69, org.springframework.security.web.context.request.async.WebAsyncManagerIntegrationFilter@5910c67e, org.springframework.security.web.context.SecurityContextHolderFilter@236a6a2a, org.springframework.security.web.header.HeaderWriterFilter@1147a8de, org.springframework.security.web.authentication.logout.LogoutFilter@4d7a4317, org.springframework.security.web.savedrequest.RequestCacheAwareFilter@57d6f569, org.springframework.security.web.servletapi.SecurityContextHolderAwareRequestFilter@5854e526, org.springframework.security.web.authentication.AnonymousAuthenticationFilter@1967c032, org.springframework.security.web.session.SessionManagementFilter@26e588b7, org.springframework.security.web.access.ExceptionTranslationFilter@ab5f1d5, org.springframework.security.web.access.intercept.AuthorizationFilter@23b260ed]
2024-09-25 13:14:00,936 INFO org.springframework.cloud.netflix.eureka.config.DiscoveryClientOptionalArgsConfiguration [main] Eureka HTTP Client uses RestTemplate.
2024-09-25 13:14:01,194 WARN org.springframework.cloud.loadbalancer.config.LoadBalancerCacheAutoConfiguration$LoadBalancerCaffeineWarnLogger [main] Spring Cloud LoadBalancer is currently working with the default cache. While this cache implementation is useful for development and tests, it's recommended to use Caffeine cache in production.You can switch to using Caffeine cache, by adding it and org.springframework.cache.caffeine.CaffeineCacheManager to the classpath.
2024-09-25 13:14:01,288 INFO org.apache.juli.logging.DirectJDKLog [main] Starting ProtocolHandler ["http-nio-auto-1"]
2024-09-25 13:14:01,322 INFO org.springframework.boot.web.embedded.tomcat.TomcatWebServer [main] Tomcat started on port(s): 62692 (http) with context path '/auth-server'
2024-09-25 13:14:01,324 INFO org.springframework.cloud.netflix.eureka.serviceregistry.EurekaAutoServiceRegistration [main] Updating port to 62692
2024-09-25 13:14:01,330 INFO org.springframework.cloud.netflix.eureka.InstanceInfoFactory [main] Setting initial instance status as: STARTING
2024-09-25 13:14:01,381 INFO com.netflix.discovery.DiscoveryClient [main] Initializing Eureka in region us-east-1
2024-09-25 13:14:01,388 INFO com.netflix.discovery.shared.resolver.aws.ConfigClusterResolver [main] Resolving eureka endpoints via configuration
2024-09-25 13:14:01,417 INFO com.netflix.discovery.DiscoveryClient [main] Disable delta property : false
2024-09-25 13:14:01,417 INFO com.netflix.discovery.DiscoveryClient [main] Single vip registry refresh property : null
2024-09-25 13:14:01,418 INFO com.netflix.discovery.DiscoveryClient [main] Force full registry fetch : false
2024-09-25 13:14:01,418 INFO com.netflix.discovery.DiscoveryClient [main] Application is null : false
2024-09-25 13:14:01,418 INFO com.netflix.discovery.DiscoveryClient [main] Registered Applications size is zero : true
2024-09-25 13:14:01,419 INFO com.netflix.discovery.DiscoveryClient [main] Application version is -1: true
2024-09-25 13:14:01,419 INFO com.netflix.discovery.DiscoveryClient [main] Getting all instance registry info from the eureka server
2024-09-25 13:14:01,662 INFO com.netflix.discovery.DiscoveryClient [main] The response status is 200
2024-09-25 13:14:01,666 INFO com.netflix.discovery.DiscoveryClient [main] Starting heartbeat executor: renew interval is: 30
2024-09-25 13:14:01,670 INFO com.netflix.discovery.InstanceInfoReplicator [main] InstanceInfoReplicator onDemand update allowed rate per min is 4
2024-09-25 13:14:01,680 INFO com.netflix.discovery.DiscoveryClient [main] Discovery Client initialized at timestamp 1727252041678 with initial instances count: 1
2024-09-25 13:14:01,688 INFO org.springframework.cloud.netflix.eureka.serviceregistry.EurekaServiceRegistry [main] Registering application AUTH-SERVER with eureka with status UP
2024-09-25 13:14:01,689 INFO com.netflix.discovery.DiscoveryClient$3 [main] Saw local status change event StatusChangeEvent [timestamp=1727252041689, current=UP, previous=STARTING]
2024-09-25 13:14:01,692 INFO com.netflix.discovery.DiscoveryClient [DiscoveryClient-InstanceInfoReplicator-0] DiscoveryClient_AUTH-SERVER/auth-server:8023fae44bf0bcc46f244593940c6b37: registering service...
2024-09-25 13:14:01,761 INFO com.netflix.discovery.DiscoveryClient [DiscoveryClient-InstanceInfoReplicator-0] DiscoveryClient_AUTH-SERVER/auth-server:8023fae44bf0bcc46f244593940c6b37 - registration status: 204
2024-09-25 13:14:01,890 INFO org.springframework.boot.StartupInfoLogger [main] Started AuthServerApplication in 8.776 seconds (process running for 9.728)
2024-09-25 13:19:01,435 INFO com.netflix.discovery.shared.resolver.aws.ConfigClusterResolver [AsyncResolver-bootstrap-executor-0] Resolving eureka endpoints via configuration
2024-09-25 13:19:51,238 INFO org.springframework.cloud.netflix.eureka.serviceregistry.EurekaServiceRegistry [SpringApplicationShutdownHook] Unregistering application AUTH-SERVER with eureka with status DOWN
2024-09-25 13:19:51,238 INFO com.netflix.discovery.DiscoveryClient$3 [SpringApplicationShutdownHook] Saw local status change event StatusChangeEvent [timestamp=1727252391238, current=DOWN, previous=UP]
2024-09-25 13:19:51,239 INFO com.netflix.discovery.DiscoveryClient [DiscoveryClient-InstanceInfoReplicator-0] DiscoveryClient_AUTH-SERVER/auth-server:8023fae44bf0bcc46f244593940c6b37: registering service...
2024-09-25 13:19:51,251 INFO com.netflix.discovery.DiscoveryClient [DiscoveryClient-InstanceInfoReplicator-0] DiscoveryClient_AUTH-SERVER/auth-server:8023fae44bf0bcc46f244593940c6b37 - registration status: 204
2024-09-25 13:19:51,275 INFO org.springframework.orm.jpa.AbstractEntityManagerFactoryBean [SpringApplicationShutdownHook] Closing JPA EntityManagerFactory for persistence unit 'default'
2024-09-25 13:19:51,277 INFO com.zaxxer.hikari.HikariDataSource [SpringApplicationShutdownHook] HikariPool-1 - Shutdown initiated...
2024-09-25 13:19:51,287 INFO com.zaxxer.hikari.HikariDataSource [SpringApplicationShutdownHook] HikariPool-1 - Shutdown completed.
2024-09-25 13:19:51,288 INFO com.netflix.discovery.DiscoveryClient [SpringApplicationShutdownHook] Shutting down DiscoveryClient ...
2024-09-25 13:19:54,303 INFO com.netflix.discovery.DiscoveryClient [SpringApplicationShutdownHook] Unregistering ...
2024-09-25 13:19:54,321 INFO com.netflix.discovery.DiscoveryClient [SpringApplicationShutdownHook] DiscoveryClient_AUTH-SERVER/auth-server:8023fae44bf0bcc46f244593940c6b37 - deregister  status: 200
2024-09-25 13:19:54,325 INFO com.netflix.discovery.DiscoveryClient [SpringApplicationShutdownHook] Completed shut down of DiscoveryClient
2024-09-25 13:19:59,247 INFO org.hibernate.validator.internal.util.Version [background-preinit] HV000001: Hibernate Validator 8.0.0.Final
2024-09-25 13:19:59,284 INFO org.springframework.boot.StartupInfoLogger [main] Starting AuthServerApplication using Java 17.0.9 with PID 2908 (D:\Personal-Proj\online-education\auth-server\target\classes started by Ali.Ahmed in D:\Personal-Proj\online-education)
2024-09-25 13:19:59,286 INFO org.springframework.boot.SpringApplication [main] The following 1 profile is active: "development"
2024-09-25 13:19:59,336 INFO org.springframework.boot.logging.DeferredLog [main] Fetching config from server at : http://localhost:3333
2024-09-25 13:19:59,336 INFO org.springframework.boot.logging.DeferredLog [main] Located environment: name=auth-server, profiles=[default], label=null, version=8d4b960ce966be597fd3cbe773491a20f7ff80e7, state=null
2024-09-25 13:19:59,337 INFO org.springframework.boot.logging.DeferredLog [main] Fetching config from server at : http://localhost:3333
2024-09-25 13:19:59,337 INFO org.springframework.boot.logging.DeferredLog [main] Located environment: name=auth-server, profiles=[development], label=null, version=8d4b960ce966be597fd3cbe773491a20f7ff80e7, state=null
2024-09-25 13:19:59,337 INFO org.springframework.boot.logging.DeferredLog [main] Fetching config from server at : http://localhost:3333
2024-09-25 13:19:59,338 INFO org.springframework.boot.logging.DeferredLog [main] Located environment: name=auth-server, profiles=[default], label=null, version=8d4b960ce966be597fd3cbe773491a20f7ff80e7, state=null
2024-09-25 13:20:00,225 INFO org.springframework.data.repository.config.RepositoryConfigurationDelegate [main] Bootstrapping Spring Data JPA repositories in DEFAULT mode.
2024-09-25 13:20:00,287 INFO org.springframework.data.repository.config.RepositoryConfigurationDelegate [main] Finished Spring Data repository scanning in 54 ms. Found 2 JPA repository interfaces.
2024-09-25 13:20:00,514 INFO org.springframework.cloud.context.scope.GenericScope [main] BeanFactory id=432d3cd0-d444-327d-9b9f-0f8146f96fbb
2024-09-25 13:20:00,923 INFO org.springframework.boot.web.embedded.tomcat.TomcatWebServer [main] Tomcat initialized with port(s): 0 (http)
2024-09-25 13:20:00,936 INFO org.apache.juli.logging.DirectJDKLog [main] Initializing ProtocolHandler ["http-nio-auto-1"]
2024-09-25 13:20:00,938 INFO org.apache.juli.logging.DirectJDKLog [main] Starting service [Tomcat]
2024-09-25 13:20:00,939 INFO org.apache.juli.logging.DirectJDKLog [main] Starting Servlet engine: [Apache Tomcat/10.1.12]
2024-09-25 13:20:01,075 INFO org.apache.juli.logging.DirectJDKLog [main] Initializing Spring embedded WebApplicationContext
2024-09-25 13:20:01,076 INFO org.springframework.boot.web.servlet.context.ServletWebServerApplicationContext [main] Root WebApplicationContext: initialization completed in 1736 ms
2024-09-25 13:20:01,272 INFO org.hibernate.jpa.internal.util.LogHelper [main] HHH000204: Processing PersistenceUnitInfo [name: default]
2024-09-25 13:20:01,345 INFO org.hibernate.Version [main] HHH000412: Hibernate ORM core version 6.1.7.Final
2024-09-25 13:20:01,698 INFO com.zaxxer.hikari.HikariDataSource [main] HikariPool-1 - Starting...
2024-09-25 13:20:02,166 INFO com.zaxxer.hikari.pool.HikariPool [main] HikariPool-1 - Added connection com.mysql.cj.jdbc.ConnectionImpl@703cb756
2024-09-25 13:20:02,169 INFO com.zaxxer.hikari.HikariDataSource [main] HikariPool-1 - Start completed.
2024-09-25 13:20:02,227 INFO org.hibernate.engine.jdbc.dialect.internal.DialectFactoryImpl [main] HHH000400: Using dialect: org.hibernate.dialect.MySQLDialect
2024-09-25 13:20:03,193 INFO org.hibernate.engine.transaction.jta.platform.internal.JtaPlatformInitiator [main] HHH000490: Using JtaPlatform implementation: [org.hibernate.engine.transaction.jta.platform.internal.NoJtaPlatform]
2024-09-25 13:20:03,203 INFO org.springframework.orm.jpa.AbstractEntityManagerFactoryBean [main] Initialized JPA EntityManagerFactory for persistence unit 'default'
2024-09-25 13:20:04,002 WARN org.springframework.boot.autoconfigure.orm.jpa.JpaBaseConfiguration$JpaWebConfiguration [main] spring.jpa.open-in-view is enabled by default. Therefore, database queries may be performed during view rendering. Explicitly configure spring.jpa.open-in-view to disable this warning
2024-09-25 13:20:08,713 INFO org.springframework.security.web.DefaultSecurityFilterChain [main] Will secure any request with [org.springframework.security.web.session.DisableEncodeUrlFilter@7d96618, org.springframework.security.web.context.request.async.WebAsyncManagerIntegrationFilter@678db8be, org.springframework.security.web.context.SecurityContextHolderFilter@aec9672, org.springframework.security.web.header.HeaderWriterFilter@2f341732, org.springframework.security.web.authentication.logout.LogoutFilter@1967c032, org.springframework.security.web.savedrequest.RequestCacheAwareFilter@77035caa, org.springframework.security.web.servletapi.SecurityContextHolderAwareRequestFilter@18ac2dfe, org.springframework.security.web.authentication.AnonymousAuthenticationFilter@77b7a4b2, org.springframework.security.web.session.SessionManagementFilter@613d42ab, org.springframework.security.web.access.ExceptionTranslationFilter@6ba8859b, org.springframework.security.web.access.intercept.AuthorizationFilter@56a34c0e]
2024-09-25 13:20:09,258 INFO org.springframework.cloud.netflix.eureka.config.DiscoveryClientOptionalArgsConfiguration [main] Eureka HTTP Client uses RestTemplate.
2024-09-25 13:20:09,454 WARN org.springframework.cloud.loadbalancer.config.LoadBalancerCacheAutoConfiguration$LoadBalancerCaffeineWarnLogger [main] Spring Cloud LoadBalancer is currently working with the default cache. While this cache implementation is useful for development and tests, it's recommended to use Caffeine cache in production.You can switch to using Caffeine cache, by adding it and org.springframework.cache.caffeine.CaffeineCacheManager to the classpath.
2024-09-25 13:20:09,513 INFO org.apache.juli.logging.DirectJDKLog [main] Starting ProtocolHandler ["http-nio-auto-1"]
2024-09-25 13:20:09,537 INFO org.springframework.boot.web.embedded.tomcat.TomcatWebServer [main] Tomcat started on port(s): 63348 (http) with context path '/auth-server'
2024-09-25 13:20:09,550 INFO org.springframework.cloud.netflix.eureka.serviceregistry.EurekaAutoServiceRegistration [main] Updating port to 63348
2024-09-25 13:20:09,556 INFO org.springframework.cloud.netflix.eureka.InstanceInfoFactory [main] Setting initial instance status as: STARTING
2024-09-25 13:20:09,594 INFO com.netflix.discovery.DiscoveryClient [main] Initializing Eureka in region us-east-1
2024-09-25 13:20:09,599 INFO com.netflix.discovery.shared.resolver.aws.ConfigClusterResolver [main] Resolving eureka endpoints via configuration
2024-09-25 13:20:09,617 INFO com.netflix.discovery.DiscoveryClient [main] Disable delta property : false
2024-09-25 13:20:09,618 INFO com.netflix.discovery.DiscoveryClient [main] Single vip registry refresh property : null
2024-09-25 13:20:09,618 INFO com.netflix.discovery.DiscoveryClient [main] Force full registry fetch : false
2024-09-25 13:20:09,618 INFO com.netflix.discovery.DiscoveryClient [main] Application is null : false
2024-09-25 13:20:09,618 INFO com.netflix.discovery.DiscoveryClient [main] Registered Applications size is zero : true
2024-09-25 13:20:09,619 INFO com.netflix.discovery.DiscoveryClient [main] Application version is -1: true
2024-09-25 13:20:09,619 INFO com.netflix.discovery.DiscoveryClient [main] Getting all instance registry info from the eureka server
2024-09-25 13:20:09,813 INFO com.netflix.discovery.DiscoveryClient [main] The response status is 200
2024-09-25 13:20:09,817 INFO com.netflix.discovery.DiscoveryClient [main] Starting heartbeat executor: renew interval is: 30
2024-09-25 13:20:09,820 INFO com.netflix.discovery.InstanceInfoReplicator [main] InstanceInfoReplicator onDemand update allowed rate per min is 4
2024-09-25 13:20:09,826 INFO com.netflix.discovery.DiscoveryClient [main] Discovery Client initialized at timestamp 1727252409825 with initial instances count: 1
2024-09-25 13:20:09,830 INFO org.springframework.cloud.netflix.eureka.serviceregistry.EurekaServiceRegistry [main] Registering application AUTH-SERVER with eureka with status UP
2024-09-25 13:20:09,831 INFO com.netflix.discovery.DiscoveryClient$3 [main] Saw local status change event StatusChangeEvent [timestamp=1727252409831, current=UP, previous=STARTING]
2024-09-25 13:20:09,833 INFO com.netflix.discovery.DiscoveryClient [DiscoveryClient-InstanceInfoReplicator-0] DiscoveryClient_AUTH-SERVER/auth-server:93a0888dbb6c656c792ce501ebe135ad: registering service...
2024-09-25 13:20:09,872 INFO com.netflix.discovery.DiscoveryClient [DiscoveryClient-InstanceInfoReplicator-0] DiscoveryClient_AUTH-SERVER/auth-server:93a0888dbb6c656c792ce501ebe135ad - registration status: 204
2024-09-25 13:20:09,983 INFO org.springframework.boot.StartupInfoLogger [main] Started AuthServerApplication in 11.852 seconds (process running for 12.916)
2024-09-25 13:25:09,636 INFO com.netflix.discovery.shared.resolver.aws.ConfigClusterResolver [AsyncResolver-bootstrap-executor-0] Resolving eureka endpoints via configuration
2024-09-25 13:30:09,638 INFO com.netflix.discovery.shared.resolver.aws.ConfigClusterResolver [AsyncResolver-bootstrap-executor-0] Resolving eureka endpoints via configuration
2024-09-25 13:35:09,654 INFO com.netflix.discovery.shared.resolver.aws.ConfigClusterResolver [AsyncResolver-bootstrap-executor-0] Resolving eureka endpoints via configuration
2024-09-25 13:40:09,669 INFO com.netflix.discovery.shared.resolver.aws.ConfigClusterResolver [AsyncResolver-bootstrap-executor-0] Resolving eureka endpoints via configuration
2024-09-25 13:45:09,693 INFO com.netflix.discovery.shared.resolver.aws.ConfigClusterResolver [AsyncResolver-bootstrap-executor-0] Resolving eureka endpoints via configuration
2024-09-25 13:50:09,707 INFO com.netflix.discovery.shared.resolver.aws.ConfigClusterResolver [AsyncResolver-bootstrap-executor-0] Resolving eureka endpoints via configuration
2024-09-25 13:55:09,718 INFO com.netflix.discovery.shared.resolver.aws.ConfigClusterResolver [AsyncResolver-bootstrap-executor-0] Resolving eureka endpoints via configuration
2024-09-25 14:00:09,733 INFO com.netflix.discovery.shared.resolver.aws.ConfigClusterResolver [AsyncResolver-bootstrap-executor-0] Resolving eureka endpoints via configuration
2024-09-25 14:05:09,741 INFO com.netflix.discovery.shared.resolver.aws.ConfigClusterResolver [AsyncResolver-bootstrap-executor-0] Resolving eureka endpoints via configuration
2024-09-25 14:10:09,759 INFO com.netflix.discovery.shared.resolver.aws.ConfigClusterResolver [AsyncResolver-bootstrap-executor-0] Resolving eureka endpoints via configuration
2024-09-25 14:15:09,764 INFO com.netflix.discovery.shared.resolver.aws.ConfigClusterResolver [AsyncResolver-bootstrap-executor-0] Resolving eureka endpoints via configuration
2024-09-25 14:20:09,772 INFO com.netflix.discovery.shared.resolver.aws.ConfigClusterResolver [AsyncResolver-bootstrap-executor-0] Resolving eureka endpoints via configuration
2024-09-25 14:25:09,794 INFO com.netflix.discovery.shared.resolver.aws.ConfigClusterResolver [AsyncResolver-bootstrap-executor-0] Resolving eureka endpoints via configuration
2024-09-25 14:30:09,807 INFO com.netflix.discovery.shared.resolver.aws.ConfigClusterResolver [AsyncResolver-bootstrap-executor-0] Resolving eureka endpoints via configuration
2024-09-25 14:35:09,815 INFO com.netflix.discovery.shared.resolver.aws.ConfigClusterResolver [AsyncResolver-bootstrap-executor-0] Resolving eureka endpoints via configuration
2024-09-25 14:40:09,825 INFO com.netflix.discovery.shared.resolver.aws.ConfigClusterResolver [AsyncResolver-bootstrap-executor-0] Resolving eureka endpoints via configuration
2024-09-25 14:45:09,844 INFO com.netflix.discovery.shared.resolver.aws.ConfigClusterResolver [AsyncResolver-bootstrap-executor-0] Resolving eureka endpoints via configuration
2024-09-25 14:46:44,908 INFO com.netflix.discovery.DiscoveryClient [DiscoveryClient-HeartbeatExecutor-0] DiscoveryClient_AUTH-SERVER/auth-server:93a0888dbb6c656c792ce501ebe135ad - Re-registering apps/AUTH-SERVER
2024-09-25 14:46:44,910 INFO com.netflix.discovery.DiscoveryClient [DiscoveryClient-HeartbeatExecutor-0] DiscoveryClient_AUTH-SERVER/auth-server:93a0888dbb6c656c792ce501ebe135ad: registering service...
2024-09-25 14:46:44,995 INFO com.netflix.discovery.DiscoveryClient [DiscoveryClient-HeartbeatExecutor-0] DiscoveryClient_AUTH-SERVER/auth-server:93a0888dbb6c656c792ce501ebe135ad - registration status: 204
2024-09-25 14:47:14,861 INFO com.netflix.discovery.DiscoveryClient [DiscoveryClient-CacheRefreshExecutor-0] Disable delta property : false
2024-09-25 14:47:14,863 INFO com.netflix.discovery.DiscoveryClient [DiscoveryClient-CacheRefreshExecutor-0] Single vip registry refresh property : null
2024-09-25 14:47:14,863 INFO com.netflix.discovery.DiscoveryClient [DiscoveryClient-CacheRefreshExecutor-0] Force full registry fetch : false
2024-09-25 14:47:14,863 INFO com.netflix.discovery.DiscoveryClient [DiscoveryClient-CacheRefreshExecutor-0] Application is null : false
2024-09-25 14:47:14,863 INFO com.netflix.discovery.DiscoveryClient [DiscoveryClient-CacheRefreshExecutor-0] Registered Applications size is zero : true
2024-09-25 14:47:14,863 INFO com.netflix.discovery.DiscoveryClient [DiscoveryClient-CacheRefreshExecutor-0] Application version is -1: false
2024-09-25 14:47:14,864 INFO com.netflix.discovery.DiscoveryClient [DiscoveryClient-CacheRefreshExecutor-0] Getting all instance registry info from the eureka server
2024-09-25 14:47:14,881 INFO com.netflix.discovery.DiscoveryClient [DiscoveryClient-CacheRefreshExecutor-0] The response status is 200
2024-09-25 14:50:09,881 INFO com.netflix.discovery.shared.resolver.aws.ConfigClusterResolver [AsyncResolver-bootstrap-executor-0] Resolving eureka endpoints via configuration
2024-09-25 14:55:09,895 INFO com.netflix.discovery.shared.resolver.aws.ConfigClusterResolver [AsyncResolver-bootstrap-executor-0] Resolving eureka endpoints via configuration
